2026-02-03 10:53:04,884 - root - CRITICAL - Date du scrapping: 03/02/2026
2026-02-03 10:53:04,886 - root - WARNING - Scrapping des données en mode 'dev'
2026-02-03 10:53:04,888 - WDM - INFO - ====== WebDriver manager ======
2026-02-03 10:53:05,487 - WDM - INFO - Get LATEST chromedriver version for google-chrome
2026-02-03 10:53:05,588 - WDM - INFO - Get LATEST chromedriver version for google-chrome
2026-02-03 10:53:05,655 - WDM - INFO - Driver [/Users/joeybruno/.wdm/drivers/chromedriver/mac64/144.0.7559.109/chromedriver-mac-x64/chromedriver] found in cache
2026-02-03 10:53:10,633 - root - WARNING - Tirage illisible le 2026-02-03 00:00:00: 
2026-02-03 10:53:10,676 - root - INFO - Nouvelles données: 0       Date Gagnant        Jackpot  n1  n2  n3  n4  n5  e1  e2
3 2026-01-30       1  123 555 827 €  14  18  31  35  46   7  11
2026-02-03 10:53:41,728 - root - CRITICAL - Date du scrapping: 03/02/2026
2026-02-03 10:53:41,730 - root - WARNING - Scrapping des données en mode 'dev'
2026-02-03 10:53:41,731 - WDM - INFO - ====== WebDriver manager ======
2026-02-03 10:53:42,175 - WDM - INFO - Get LATEST chromedriver version for google-chrome
2026-02-03 10:53:42,263 - WDM - INFO - Get LATEST chromedriver version for google-chrome
2026-02-03 10:53:42,320 - WDM - INFO - Driver [/Users/joeybruno/.wdm/drivers/chromedriver/mac64/144.0.7559.109/chromedriver-mac-x64/chromedriver] found in cache
2026-02-03 10:53:47,259 - root - WARNING - Tirage illisible le 2026-02-03 00:00:00: 
2026-02-03 10:53:47,287 - root - INFO - Nouvelles données: 0       Date Gagnant        Jackpot  n1  n2  n3  n4  n5  e1  e2
3 2026-01-30       1  123 555 827 €  14  18  31  35  46   7  11
2026-02-03 10:55:48,012 - root - CRITICAL - Date du scrapping: 03/02/2026
2026-02-03 10:55:48,013 - root - WARNING - Scrapping des données en mode 'dev'
2026-02-03 10:55:48,015 - WDM - INFO - ====== WebDriver manager ======
2026-02-03 10:55:48,488 - WDM - INFO - Get LATEST chromedriver version for google-chrome
2026-02-03 10:55:48,567 - WDM - INFO - Get LATEST chromedriver version for google-chrome
2026-02-03 10:55:48,624 - WDM - INFO - Driver [/Users/joeybruno/.wdm/drivers/chromedriver/mac64/144.0.7559.109/chromedriver-mac-x64/chromedriver] found in cache
2026-02-03 10:55:53,177 - root - WARNING - Tirage illisible le 2026-02-03 00:00:00: 
2026-02-03 10:55:53,205 - root - INFO - Nouvelles données: 0       Date Gagnant        Jackpot  n1  n2  n3  n4  n5  e1  e2
3 2026-01-30       1  123 555 827 €  14  18  31  35  46   7  11
2026-02-03 11:00:29,177 - root - CRITICAL - Date du scrapping: 03/02/2026
2026-02-03 11:00:29,180 - root - WARNING - Scrapping des données en mode 'dev'
2026-02-03 11:00:29,182 - WDM - INFO - ====== WebDriver manager ======
2026-02-03 11:00:29,761 - WDM - INFO - Get LATEST chromedriver version for google-chrome
2026-02-03 11:00:29,865 - WDM - INFO - Get LATEST chromedriver version for google-chrome
2026-02-03 11:00:29,929 - WDM - INFO - Driver [/Users/joeybruno/.wdm/drivers/chromedriver/mac64/144.0.7559.109/chromedriver-mac-x64/chromedriver] found in cache
2026-02-03 11:00:36,546 - root - WARNING - Tirage illisible le 2026-02-03 00:00:00: 
2026-02-03 11:00:36,598 - root - INFO - Nouvelles données: 0       Date Gagnant        Jackpot  n1  n2  n3  n4  n5  e1  e2
3 2026-01-30       1  123 555 827 €  14  18  31  35  46   7  11
2026-02-03 11:41:27,706 - root - CRITICAL - Date du scrapping: 03/02/2026
2026-02-03 11:41:27,708 - root - WARNING - Scrapping des données en mode 'prod'
2026-02-03 11:41:27,710 - WDM - INFO - ====== WebDriver manager ======
2026-02-03 11:41:35,057 - WDM - INFO - Get LATEST chromedriver version for google-chrome
2026-02-03 11:41:35,223 - WDM - INFO - Get LATEST chromedriver version for google-chrome
2026-02-03 11:41:35,283 - WDM - INFO - Driver [/Users/joeybruno/.wdm/drivers/chromedriver/mac64/144.0.7559.109/chromedriver-mac-x64/chromedriver] found in cache
2026-02-03 11:41:40,560 - root - WARNING - Tirage illisible le 2026-02-03 00:00:00: 
2026-02-03 11:41:40,598 - root - INFO - Nouvelles données: 0       Date Gagnant        Jackpot  n1  n2  n3  n4  n5  e1  e2
3 2026-01-30       1  123 555 827 €  14  18  31  35  46   7  11
2026-02-10 13:59:59,003 - root - CRITICAL - Date du scrapping: 10/02/2026
2026-02-10 13:59:59,004 - root - WARNING - Scrapping des données en mode 'prod'
2026-02-10 14:00:00,057 - WDM - INFO - ====== WebDriver manager ======
2026-02-10 14:00:00,126 - WDM - INFO - Get LATEST chromedriver version for google-chrome
2026-02-10 14:00:00,183 - WDM - INFO - Get LATEST chromedriver version for google-chrome
2026-02-10 14:00:00,255 - WDM - INFO - There is no [linux64] chromedriver "144.0.7559.133" for browser google-chrome "144.0.7559" in cache
2026-02-10 14:00:00,255 - WDM - INFO - Get LATEST chromedriver version for google-chrome
2026-02-10 14:00:00,476 - WDM - INFO - WebDriver version 144.0.7559.133 selected
2026-02-10 14:00:00,482 - WDM - INFO - Modern chrome version https://storage.googleapis.com/chrome-for-testing-public/144.0.7559.133/linux64/chromedriver-linux64.zip
2026-02-10 14:00:00,483 - WDM - INFO - About to download new driver from https://storage.googleapis.com/chrome-for-testing-public/144.0.7559.133/linux64/chromedriver-linux64.zip
2026-02-10 14:00:00,582 - WDM - INFO - Driver downloading response is 200
2026-02-10 14:00:00,826 - WDM - INFO - Get LATEST chromedriver version for google-chrome
2026-02-10 14:00:01,011 - WDM - INFO - Driver has been saved in cache [/home/runner/.wdm/drivers/chromedriver/linux64/144.0.7559.133]
2026-02-10 14:00:13,929 - root - WARNING - Tirage illisible le 2026-02-10 00:00:00: 
2026-02-10 14:00:13,942 - root - INFO - Nouvelles données:
 0       Date Gagnant       Jackpot  n1  n2  n3  n4  n5  e1  e2
0 2026-02-06       0  29 158 205 €  10  13  20  23  24   6  11
1 2026-02-03       0  17 000 000 €  26  27  28  34  37   4   9
2026-02-10 14:08:16,874 - root - CRITICAL - Date du scrapping: 10/02/2026
2026-02-10 14:08:16,875 - root - WARNING - Scrapping des données en mode 'prod'
2026-02-10 14:08:17,868 - WDM - INFO - ====== WebDriver manager ======
2026-02-10 14:08:17,938 - WDM - INFO - Get LATEST chromedriver version for google-chrome
2026-02-10 14:08:17,973 - WDM - INFO - Get LATEST chromedriver version for google-chrome
2026-02-10 14:08:18,006 - WDM - INFO - There is no [linux64] chromedriver "144.0.7559.133" for browser google-chrome "144.0.7559" in cache
2026-02-10 14:08:18,007 - WDM - INFO - Get LATEST chromedriver version for google-chrome
2026-02-10 14:08:18,168 - WDM - INFO - WebDriver version 144.0.7559.133 selected
2026-02-10 14:08:18,173 - WDM - INFO - Modern chrome version https://storage.googleapis.com/chrome-for-testing-public/144.0.7559.133/linux64/chromedriver-linux64.zip
2026-02-10 14:08:18,174 - WDM - INFO - About to download new driver from https://storage.googleapis.com/chrome-for-testing-public/144.0.7559.133/linux64/chromedriver-linux64.zip
2026-02-10 14:08:18,208 - WDM - INFO - Driver downloading response is 200
2026-02-10 14:08:18,263 - WDM - INFO - Get LATEST chromedriver version for google-chrome
2026-02-10 14:08:18,421 - WDM - INFO - Driver has been saved in cache [/home/runner/.wdm/drivers/chromedriver/linux64/144.0.7559.133]
2026-02-10 14:08:27,333 - root - WARNING - Tirage illisible le 2026-02-10 00:00:00: 
2026-02-10 14:08:27,346 - root - INFO - Nouvelles données:
 0       Date Gagnant       Jackpot  n1  n2  n3  n4  n5  e1  e2
1 2026-02-03       0  17 000 000 €  26  27  28  34  37   4   9
0 2026-02-06       0  29 158 205 €  10  13  20  23  24   6  11
2026-02-12 07:17:10,176 - root - CRITICAL - Date du scrapping: 12/02/2026
2026-02-12 07:17:10,177 - root - WARNING - Scrapping des données en mode 'prod'
2026-02-12 07:17:11,435 - WDM - INFO - ====== WebDriver manager ======
2026-02-12 07:17:11,502 - WDM - INFO - Get LATEST chromedriver version for google-chrome
2026-02-12 07:17:11,538 - WDM - INFO - Get LATEST chromedriver version for google-chrome
2026-02-12 07:17:11,574 - WDM - INFO - There is no [linux64] chromedriver "144.0.7559.133" for browser google-chrome "144.0.7559" in cache
2026-02-12 07:17:11,574 - WDM - INFO - Get LATEST chromedriver version for google-chrome
2026-02-12 07:17:11,724 - WDM - INFO - WebDriver version 144.0.7559.133 selected
2026-02-12 07:17:11,729 - WDM - INFO - Modern chrome version https://storage.googleapis.com/chrome-for-testing-public/144.0.7559.133/linux64/chromedriver-linux64.zip
2026-02-12 07:17:11,729 - WDM - INFO - About to download new driver from https://storage.googleapis.com/chrome-for-testing-public/144.0.7559.133/linux64/chromedriver-linux64.zip
2026-02-12 07:17:11,767 - WDM - INFO - Driver downloading response is 200
2026-02-12 07:17:11,860 - WDM - INFO - Get LATEST chromedriver version for google-chrome
2026-02-12 07:17:12,010 - WDM - INFO - Driver has been saved in cache [/home/runner/.wdm/drivers/chromedriver/linux64/144.0.7559.133]
2026-02-12 07:17:17,485 - root - INFO - Nouvelles données:
 0       Date Gagnant       Jackpot  n1  n2  n3  n4  n5  e1  e2
0 2026-02-10       0  38 673 992 €   1  17  19  34  42   5   8
2026-02-13 07:14:48,649 - root - CRITICAL - Date du scrapping: 13/02/2026
2026-02-13 07:14:48,651 - root - WARNING - Scrapping des données en mode 'prod'
2026-02-13 07:14:49,950 - WDM - INFO - ====== WebDriver manager ======
2026-02-13 07:14:50,021 - WDM - INFO - Get LATEST chromedriver version for google-chrome
2026-02-13 07:14:50,054 - WDM - INFO - Get LATEST chromedriver version for google-chrome
2026-02-13 07:14:50,087 - WDM - INFO - There is no [linux64] chromedriver "144.0.7559.133" for browser google-chrome "144.0.7559" in cache
2026-02-13 07:14:50,087 - WDM - INFO - Get LATEST chromedriver version for google-chrome
2026-02-13 07:14:50,231 - WDM - INFO - WebDriver version 144.0.7559.133 selected
2026-02-13 07:14:50,236 - WDM - INFO - Modern chrome version https://storage.googleapis.com/chrome-for-testing-public/144.0.7559.133/linux64/chromedriver-linux64.zip
2026-02-13 07:14:50,236 - WDM - INFO - About to download new driver from https://storage.googleapis.com/chrome-for-testing-public/144.0.7559.133/linux64/chromedriver-linux64.zip
2026-02-13 07:14:50,279 - WDM - INFO - Driver downloading response is 200
2026-02-13 07:14:50,341 - WDM - INFO - Get LATEST chromedriver version for google-chrome
2026-02-13 07:14:50,488 - WDM - INFO - Driver has been saved in cache [/home/runner/.wdm/drivers/chromedriver/linux64/144.0.7559.133]
2026-02-13 07:15:02,784 - root - WARNING - Pas de nouveaux tirages à ajouter
2026-02-14 07:03:09,344 - root - CRITICAL - Date du scrapping: 14/02/2026
2026-02-14 07:03:09,346 - root - WARNING - Scrapping des données en mode 'prod'
2026-02-14 07:03:10,572 - WDM - INFO - ====== WebDriver manager ======
2026-02-14 07:03:10,641 - WDM - INFO - Get LATEST chromedriver version for google-chrome
2026-02-14 07:03:10,675 - WDM - INFO - Get LATEST chromedriver version for google-chrome
2026-02-14 07:03:10,708 - WDM - INFO - There is no [linux64] chromedriver "144.0.7559.133" for browser google-chrome "144.0.7559" in cache
2026-02-14 07:03:10,708 - WDM - INFO - Get LATEST chromedriver version for google-chrome
2026-02-14 07:03:10,839 - WDM - INFO - WebDriver version 144.0.7559.133 selected
2026-02-14 07:03:10,844 - WDM - INFO - Modern chrome version https://storage.googleapis.com/chrome-for-testing-public/144.0.7559.133/linux64/chromedriver-linux64.zip
2026-02-14 07:03:10,844 - WDM - INFO - About to download new driver from https://storage.googleapis.com/chrome-for-testing-public/144.0.7559.133/linux64/chromedriver-linux64.zip
2026-02-14 07:03:10,876 - WDM - INFO - Driver downloading response is 200
2026-02-14 07:03:10,919 - WDM - INFO - Get LATEST chromedriver version for google-chrome
2026-02-14 07:03:11,064 - WDM - INFO - Driver has been saved in cache [/home/runner/.wdm/drivers/chromedriver/linux64/144.0.7559.133]
2026-02-14 07:03:18,490 - root - INFO - Nouvelles données:
 0       Date Gagnant       Jackpot  n1  n2  n3  n4  n5  e1  e2
0 2026-02-13       0  53 818 195 €   9  13  31  37  40   6   9
2026-02-15 07:07:01,383 - root - CRITICAL - Date du scrapping: 15/02/2026
2026-02-15 07:07:01,384 - root - WARNING - Scrapping des données en mode 'prod'
2026-02-15 07:07:02,980 - WDM - INFO - ====== WebDriver manager ======
2026-02-15 07:07:03,049 - WDM - INFO - Get LATEST chromedriver version for google-chrome
2026-02-15 07:07:03,112 - WDM - INFO - Get LATEST chromedriver version for google-chrome
2026-02-15 07:07:03,173 - WDM - INFO - There is no [linux64] chromedriver "144.0.7559.133" for browser google-chrome "144.0.7559" in cache
2026-02-15 07:07:03,173 - WDM - INFO - Get LATEST chromedriver version for google-chrome
2026-02-15 07:07:03,374 - WDM - INFO - WebDriver version 144.0.7559.133 selected
2026-02-15 07:07:03,378 - WDM - INFO - Modern chrome version https://storage.googleapis.com/chrome-for-testing-public/144.0.7559.133/linux64/chromedriver-linux64.zip
2026-02-15 07:07:03,378 - WDM - INFO - About to download new driver from https://storage.googleapis.com/chrome-for-testing-public/144.0.7559.133/linux64/chromedriver-linux64.zip
2026-02-15 07:07:03,442 - WDM - INFO - Driver downloading response is 200
2026-02-15 07:07:03,544 - WDM - INFO - Get LATEST chromedriver version for google-chrome
2026-02-15 07:07:03,718 - WDM - INFO - Driver has been saved in cache [/home/runner/.wdm/drivers/chromedriver/linux64/144.0.7559.133]
2026-02-15 07:07:20,280 - root - WARNING - Pas de nouveaux tirages à ajouter
2026-02-17 07:15:20,661 - root - CRITICAL - Date du scrapping: 17/02/2026
2026-02-17 07:15:20,662 - root - WARNING - Scrapping des données en mode 'prod'
2026-02-17 07:15:21,777 - WDM - INFO - ====== WebDriver manager ======
2026-02-17 07:15:21,848 - WDM - INFO - Get LATEST chromedriver version for google-chrome
2026-02-17 07:15:21,914 - WDM - INFO - Get LATEST chromedriver version for google-chrome
2026-02-17 07:15:21,970 - WDM - INFO - There is no [linux64] chromedriver "144.0.7559.133" for browser google-chrome "144.0.7559" in cache
2026-02-17 07:15:21,970 - WDM - INFO - Get LATEST chromedriver version for google-chrome
2026-02-17 07:15:22,199 - WDM - INFO - WebDriver version 144.0.7559.133 selected
2026-02-17 07:15:22,204 - WDM - INFO - Modern chrome version https://storage.googleapis.com/chrome-for-testing-public/144.0.7559.133/linux64/chromedriver-linux64.zip
2026-02-17 07:15:22,204 - WDM - INFO - About to download new driver from https://storage.googleapis.com/chrome-for-testing-public/144.0.7559.133/linux64/chromedriver-linux64.zip
2026-02-17 07:15:22,301 - WDM - INFO - Driver downloading response is 200
2026-02-17 07:15:22,527 - WDM - INFO - Get LATEST chromedriver version for google-chrome
2026-02-17 07:15:22,713 - WDM - INFO - Driver has been saved in cache [/home/runner/.wdm/drivers/chromedriver/linux64/144.0.7559.133]
2026-02-17 07:15:33,258 - root - WARNING - Pas de nouveaux tirages à ajouter
2026-02-18 07:16:14,357 - root - CRITICAL - Date du scrapping: 18/02/2026
2026-02-18 07:16:14,358 - root - WARNING - Scrapping des données en mode 'prod'
2026-02-18 07:16:15,848 - WDM - INFO - ====== WebDriver manager ======
2026-02-18 07:16:15,919 - WDM - INFO - Get LATEST chromedriver version for google-chrome
2026-02-18 07:16:15,965 - WDM - INFO - Get LATEST chromedriver version for google-chrome
2026-02-18 07:16:16,008 - WDM - INFO - There is no [linux64] chromedriver "144.0.7559.133" for browser google-chrome "144.0.7559" in cache
2026-02-18 07:16:16,008 - WDM - INFO - Get LATEST chromedriver version for google-chrome
2026-02-18 07:16:16,173 - WDM - INFO - WebDriver version 144.0.7559.133 selected
2026-02-18 07:16:16,177 - WDM - INFO - Modern chrome version https://storage.googleapis.com/chrome-for-testing-public/144.0.7559.133/linux64/chromedriver-linux64.zip
2026-02-18 07:16:16,178 - WDM - INFO - About to download new driver from https://storage.googleapis.com/chrome-for-testing-public/144.0.7559.133/linux64/chromedriver-linux64.zip
2026-02-18 07:16:16,222 - WDM - INFO - Driver downloading response is 200
2026-02-18 07:16:16,286 - WDM - INFO - Get LATEST chromedriver version for google-chrome
2026-02-18 07:16:16,444 - WDM - INFO - Driver has been saved in cache [/home/runner/.wdm/drivers/chromedriver/linux64/144.0.7559.133]
2026-02-18 07:16:25,807 - root - INFO - Nouvelles données:
 0       Date Gagnant       Jackpot  n1  n2  n3  n4  n5  e1  e2
0 2026-02-17       0  64 273 805 €   1   4   6  10  41   5  12
2026-02-19 07:15:35,311 - root - CRITICAL - Date du scrapping: 19/02/2026
2026-02-19 07:15:35,313 - root - WARNING - Scrapping des données en mode 'prod'
2026-02-19 07:15:36,763 - WDM - INFO - ====== WebDriver manager ======
2026-02-19 07:15:36,833 - WDM - INFO - Get LATEST chromedriver version for google-chrome
2026-02-19 07:15:36,879 - WDM - INFO - Get LATEST chromedriver version for google-chrome
2026-02-19 07:15:36,924 - WDM - INFO - There is no [linux64] chromedriver "144.0.7559.133" for browser google-chrome "144.0.7559" in cache
2026-02-19 07:15:36,924 - WDM - INFO - Get LATEST chromedriver version for google-chrome
2026-02-19 07:15:37,094 - WDM - INFO - WebDriver version 144.0.7559.133 selected
2026-02-19 07:15:37,098 - WDM - INFO - Modern chrome version https://storage.googleapis.com/chrome-for-testing-public/144.0.7559.133/linux64/chromedriver-linux64.zip
2026-02-19 07:15:37,099 - WDM - INFO - About to download new driver from https://storage.googleapis.com/chrome-for-testing-public/144.0.7559.133/linux64/chromedriver-linux64.zip
2026-02-19 07:15:37,143 - WDM - INFO - Driver downloading response is 200
2026-02-19 07:15:37,211 - WDM - INFO - Get LATEST chromedriver version for google-chrome
2026-02-19 07:15:37,372 - WDM - INFO - Driver has been saved in cache [/home/runner/.wdm/drivers/chromedriver/linux64/144.0.7559.133]
2026-02-19 07:15:48,172 - root - WARNING - Pas de nouveaux tirages à ajouter
2026-02-20 07:14:10,056 - root - CRITICAL - Date du scrapping: 20/02/2026
2026-02-20 07:14:10,058 - root - WARNING - Scrapping des données en mode 'prod'
2026-02-20 07:14:11,504 - WDM - INFO - ====== WebDriver manager ======
2026-02-20 07:14:11,570 - WDM - INFO - Get LATEST chromedriver version for google-chrome
2026-02-20 07:14:11,615 - WDM - INFO - Get LATEST chromedriver version for google-chrome
2026-02-20 07:14:11,660 - WDM - INFO - There is no [linux64] chromedriver "144.0.7559.133" for browser google-chrome "144.0.7559" in cache
2026-02-20 07:14:11,660 - WDM - INFO - Get LATEST chromedriver version for google-chrome
2026-02-20 07:14:11,822 - WDM - INFO - WebDriver version 144.0.7559.133 selected
2026-02-20 07:14:11,827 - WDM - INFO - Modern chrome version https://storage.googleapis.com/chrome-for-testing-public/144.0.7559.133/linux64/chromedriver-linux64.zip
2026-02-20 07:14:11,827 - WDM - INFO - About to download new driver from https://storage.googleapis.com/chrome-for-testing-public/144.0.7559.133/linux64/chromedriver-linux64.zip
2026-02-20 07:14:11,872 - WDM - INFO - Driver downloading response is 200
2026-02-20 07:14:11,936 - WDM - INFO - Get LATEST chromedriver version for google-chrome
2026-02-20 07:14:12,097 - WDM - INFO - Driver has been saved in cache [/home/runner/.wdm/drivers/chromedriver/linux64/144.0.7559.133]
2026-02-20 07:14:32,898 - root - WARNING - Pas de nouveaux tirages à ajouter
2026-02-21 07:00:53,683 - root - CRITICAL - Date du scrapping: 21/02/2026
2026-02-21 07:00:53,684 - root - WARNING - Scrapping des données en mode 'prod'
2026-02-21 07:00:54,675 - WDM - INFO - ====== WebDriver manager ======
2026-02-21 07:00:54,741 - WDM - INFO - Get LATEST chromedriver version for google-chrome
2026-02-21 07:00:54,795 - WDM - INFO - Get LATEST chromedriver version for google-chrome
2026-02-21 07:00:54,849 - WDM - INFO - There is no [linux64] chromedriver "144.0.7559.133" for browser google-chrome "144.0.7559" in cache
2026-02-21 07:00:54,849 - WDM - INFO - Get LATEST chromedriver version for google-chrome
2026-02-21 07:00:55,032 - WDM - INFO - WebDriver version 144.0.7559.133 selected
2026-02-21 07:00:55,037 - WDM - INFO - Modern chrome version https://storage.googleapis.com/chrome-for-testing-public/144.0.7559.133/linux64/chromedriver-linux64.zip
2026-02-21 07:00:55,037 - WDM - INFO - About to download new driver from https://storage.googleapis.com/chrome-for-testing-public/144.0.7559.133/linux64/chromedriver-linux64.zip
2026-02-21 07:00:55,100 - WDM - INFO - Driver downloading response is 200
2026-02-21 07:00:55,193 - WDM - INFO - Get LATEST chromedriver version for google-chrome
2026-02-21 07:00:55,362 - WDM - INFO - Driver has been saved in cache [/home/runner/.wdm/drivers/chromedriver/linux64/144.0.7559.133]
2026-02-21 07:01:13,831 - root - INFO - Nouvelles données:
 0       Date Gagnant        Jackpot  n1  n2  n3  n4  n5  e1  e2
0 2026-02-20       0  130 000 000 €  13  24  28  33  35   5   9
2026-02-23 07:20:48,718 - root - CRITICAL - Date du scrapping: 23/02/2026
2026-02-23 07:20:48,720 - root - WARNING - Scrapping des données en mode 'prod'
2026-02-23 07:20:49,668 - WDM - INFO - ====== WebDriver manager ======
2026-02-23 07:20:49,737 - WDM - INFO - Get LATEST chromedriver version for google-chrome
2026-02-23 07:20:49,770 - WDM - INFO - Get LATEST chromedriver version for google-chrome
2026-02-23 07:20:49,809 - WDM - INFO - There is no [linux64] chromedriver "144.0.7559.133" for browser google-chrome "144.0.7559" in cache
2026-02-23 07:20:49,809 - WDM - INFO - Get LATEST chromedriver version for google-chrome
2026-02-23 07:20:49,961 - WDM - INFO - WebDriver version 144.0.7559.133 selected
2026-02-23 07:20:49,966 - WDM - INFO - Modern chrome version https://storage.googleapis.com/chrome-for-testing-public/144.0.7559.133/linux64/chromedriver-linux64.zip
2026-02-23 07:20:49,967 - WDM - INFO - About to download new driver from https://storage.googleapis.com/chrome-for-testing-public/144.0.7559.133/linux64/chromedriver-linux64.zip
2026-02-23 07:20:50,008 - WDM - INFO - Driver downloading response is 200
2026-02-23 07:20:50,056 - WDM - INFO - Get LATEST chromedriver version for google-chrome
2026-02-23 07:20:50,207 - WDM - INFO - Driver has been saved in cache [/home/runner/.wdm/drivers/chromedriver/linux64/144.0.7559.133]
2026-02-23 07:21:00,777 - root - WARNING - Pas de nouveaux tirages à ajouter
2026-02-24 07:15:29,377 - root - CRITICAL - Date du scrapping: 24/02/2026
2026-02-24 07:15:29,378 - root - WARNING - Scrapping des données en mode 'prod'
2026-02-24 07:15:30,379 - WDM - INFO - ====== WebDriver manager ======
2026-02-24 07:15:30,431 - WDM - INFO - Get LATEST chromedriver version for google-chrome
2026-02-24 07:15:30,467 - WDM - INFO - Get LATEST chromedriver version for google-chrome
2026-02-24 07:15:30,498 - WDM - INFO - There is no [linux64] chromedriver "144.0.7559.133" for browser google-chrome "144.0.7559" in cache
2026-02-24 07:15:30,498 - WDM - INFO - Get LATEST chromedriver version for google-chrome
2026-02-24 07:15:30,630 - WDM - INFO - WebDriver version 144.0.7559.133 selected
2026-02-24 07:15:30,633 - WDM - INFO - Modern chrome version https://storage.googleapis.com/chrome-for-testing-public/144.0.7559.133/linux64/chromedriver-linux64.zip
2026-02-24 07:15:30,634 - WDM - INFO - About to download new driver from https://storage.googleapis.com/chrome-for-testing-public/144.0.7559.133/linux64/chromedriver-linux64.zip
2026-02-24 07:15:30,676 - WDM - INFO - Driver downloading response is 200
2026-02-24 07:15:30,726 - WDM - INFO - Get LATEST chromedriver version for google-chrome
2026-02-24 07:15:30,871 - WDM - INFO - Driver has been saved in cache [/home/runner/.wdm/drivers/chromedriver/linux64/144.0.7559.133]
2026-02-24 07:15:37,369 - root - WARNING - Pas de nouveaux tirages à ajouter
2026-02-25 07:16:23,564 - root - CRITICAL - Date du scrapping: 25/02/2026
2026-02-25 07:16:23,565 - root - WARNING - Scrapping des données en mode 'prod'
2026-02-25 07:16:24,459 - WDM - INFO - ====== WebDriver manager ======
2026-02-25 07:16:24,527 - WDM - INFO - Get LATEST chromedriver version for google-chrome
2026-02-25 07:16:24,560 - WDM - INFO - Get LATEST chromedriver version for google-chrome
2026-02-25 07:16:24,594 - WDM - INFO - There is no [linux64] chromedriver "144.0.7559.133" for browser google-chrome "144.0.7559" in cache
2026-02-25 07:16:24,594 - WDM - INFO - Get LATEST chromedriver version for google-chrome
2026-02-25 07:16:24,747 - WDM - INFO - WebDriver version 144.0.7559.133 selected
2026-02-25 07:16:24,753 - WDM - INFO - Modern chrome version https://storage.googleapis.com/chrome-for-testing-public/144.0.7559.133/linux64/chromedriver-linux64.zip
2026-02-25 07:16:24,754 - WDM - INFO - About to download new driver from https://storage.googleapis.com/chrome-for-testing-public/144.0.7559.133/linux64/chromedriver-linux64.zip
2026-02-25 07:16:24,795 - WDM - INFO - Driver downloading response is 200
2026-02-25 07:16:24,840 - WDM - INFO - Get LATEST chromedriver version for google-chrome
2026-02-25 07:16:25,004 - WDM - INFO - Driver has been saved in cache [/home/runner/.wdm/drivers/chromedriver/linux64/144.0.7559.133]
2026-02-25 07:16:42,699 - root - INFO - Nouvelles données:
 0       Date Gagnant        Jackpot  n1  n2  n3  n4  n5  e1  e2
0 2026-02-24       0  142 871 092 €  10  27  40  43  47   6  10
2026-02-26 07:15:38,120 - root - CRITICAL - Date du scrapping: 26/02/2026
2026-02-26 07:15:38,121 - root - WARNING - Scrapping des données en mode 'prod'
2026-02-26 07:15:39,645 - WDM - INFO - ====== WebDriver manager ======
2026-02-26 07:15:39,718 - WDM - INFO - Get LATEST chromedriver version for google-chrome
2026-02-26 07:15:39,800 - WDM - INFO - Get LATEST chromedriver version for google-chrome
2026-02-26 07:15:39,881 - WDM - INFO - There is no [linux64] chromedriver "145.0.7632.117" for browser google-chrome "145.0.7632" in cache
2026-02-26 07:15:39,881 - WDM - INFO - Get LATEST chromedriver version for google-chrome
2026-02-26 07:15:40,135 - WDM - INFO - WebDriver version 145.0.7632.117 selected
2026-02-26 07:15:40,139 - WDM - INFO - Modern chrome version https://storage.googleapis.com/chrome-for-testing-public/145.0.7632.117/linux64/chromedriver-linux64.zip
2026-02-26 07:15:40,140 - WDM - INFO - About to download new driver from https://storage.googleapis.com/chrome-for-testing-public/145.0.7632.117/linux64/chromedriver-linux64.zip
2026-02-26 07:15:40,208 - WDM - INFO - Driver downloading response is 200
2026-02-26 07:15:40,319 - WDM - INFO - Get LATEST chromedriver version for google-chrome
2026-02-26 07:15:40,514 - WDM - INFO - Driver has been saved in cache [/home/runner/.wdm/drivers/chromedriver/linux64/145.0.7632.117]
2026-02-26 07:16:04,080 - root - WARNING - Pas de nouveaux tirages à ajouter
2026-02-28 06:56:31,773 - root - CRITICAL - Date du scrapping: 28/02/2026
2026-02-28 06:56:31,774 - root - WARNING - Scrapping des données en mode 'prod'
2026-02-28 06:56:32,755 - WDM - INFO - ====== WebDriver manager ======
2026-02-28 06:56:32,824 - WDM - INFO - Get LATEST chromedriver version for google-chrome
2026-02-28 06:56:32,895 - WDM - INFO - Get LATEST chromedriver version for google-chrome
2026-02-28 06:56:32,964 - WDM - INFO - There is no [linux64] chromedriver "145.0.7632.117" for browser google-chrome "145.0.7632" in cache
2026-02-28 06:56:32,964 - WDM - INFO - Get LATEST chromedriver version for google-chrome
2026-02-28 06:56:33,184 - WDM - INFO - WebDriver version 145.0.7632.117 selected
2026-02-28 06:56:33,189 - WDM - INFO - Modern chrome version https://storage.googleapis.com/chrome-for-testing-public/145.0.7632.117/linux64/chromedriver-linux64.zip
2026-02-28 06:56:33,189 - WDM - INFO - About to download new driver from https://storage.googleapis.com/chrome-for-testing-public/145.0.7632.117/linux64/chromedriver-linux64.zip
2026-02-28 06:56:33,294 - WDM - INFO - Driver downloading response is 200
2026-02-28 06:56:33,546 - WDM - INFO - Get LATEST chromedriver version for google-chrome
2026-02-28 06:56:33,729 - WDM - INFO - Driver has been saved in cache [/home/runner/.wdm/drivers/chromedriver/linux64/145.0.7632.117]
2026-02-28 06:56:54,492 - root - INFO - Nouvelles données:
 0       Date Gagnant        Jackpot  n1  n2  n3  n4  n5  e1  e2
0 2026-02-27       0  159 922 317 €  14  24  27  39  42   6  10
2026-03-01 07:03:58,020 - root - CRITICAL - Date du scrapping: 01/03/2026
2026-03-01 07:03:58,022 - root - WARNING - Scrapping des données en mode 'prod'
2026-03-01 07:03:59,216 - WDM - INFO - ====== WebDriver manager ======
2026-03-01 07:03:59,288 - WDM - INFO - Get LATEST chromedriver version for google-chrome
2026-03-01 07:03:59,368 - WDM - INFO - Get LATEST chromedriver version for google-chrome
2026-03-01 07:03:59,449 - WDM - INFO - There is no [linux64] chromedriver "145.0.7632.117" for browser google-chrome "145.0.7632" in cache
2026-03-01 07:03:59,449 - WDM - INFO - Get LATEST chromedriver version for google-chrome
2026-03-01 07:03:59,705 - WDM - INFO - WebDriver version 145.0.7632.117 selected
2026-03-01 07:03:59,710 - WDM - INFO - Modern chrome version https://storage.googleapis.com/chrome-for-testing-public/145.0.7632.117/linux64/chromedriver-linux64.zip
2026-03-01 07:03:59,710 - WDM - INFO - About to download new driver from https://storage.googleapis.com/chrome-for-testing-public/145.0.7632.117/linux64/chromedriver-linux64.zip
2026-03-01 07:03:59,789 - WDM - INFO - Driver downloading response is 200
2026-03-01 07:03:59,898 - WDM - INFO - Get LATEST chromedriver version for google-chrome
2026-03-01 07:04:00,095 - WDM - INFO - Driver has been saved in cache [/home/runner/.wdm/drivers/chromedriver/linux64/145.0.7632.117]
2026-03-01 07:04:08,094 - root - WARNING - Pas de nouveaux tirages à ajouter
2026-03-02 07:15:46,246 - root - CRITICAL - Date du scrapping: 02/03/2026
2026-03-02 07:15:46,247 - root - WARNING - Scrapping des données en mode 'prod'
2026-03-02 07:15:47,520 - WDM - INFO - ====== WebDriver manager ======
2026-03-02 07:15:47,590 - WDM - INFO - Get LATEST chromedriver version for google-chrome
2026-03-02 07:15:47,623 - WDM - INFO - Get LATEST chromedriver version for google-chrome
2026-03-02 07:15:47,654 - WDM - INFO - There is no [linux64] chromedriver "145.0.7632.117" for browser google-chrome "145.0.7632" in cache
2026-03-02 07:15:47,654 - WDM - INFO - Get LATEST chromedriver version for google-chrome
2026-03-02 07:15:47,814 - WDM - INFO - WebDriver version 145.0.7632.117 selected
2026-03-02 07:15:47,818 - WDM - INFO - Modern chrome version https://storage.googleapis.com/chrome-for-testing-public/145.0.7632.117/linux64/chromedriver-linux64.zip
2026-03-02 07:15:47,819 - WDM - INFO - About to download new driver from https://storage.googleapis.com/chrome-for-testing-public/145.0.7632.117/linux64/chromedriver-linux64.zip
2026-03-02 07:15:47,864 - WDM - INFO - Driver downloading response is 200
2026-03-02 07:15:47,967 - WDM - INFO - Get LATEST chromedriver version for google-chrome
2026-03-02 07:15:48,112 - WDM - INFO - Driver has been saved in cache [/home/runner/.wdm/drivers/chromedriver/linux64/145.0.7632.117]
2026-03-02 07:16:08,162 - root - WARNING - Pas de nouveaux tirages à ajouter
2026-03-04 07:05:38,915 - root - CRITICAL - Date du scrapping: 04/03/2026
2026-03-04 07:05:38,916 - root - WARNING - Scrapping des données en mode 'prod'
2026-03-04 07:05:40,090 - WDM - INFO - ====== WebDriver manager ======
2026-03-04 07:05:40,145 - WDM - INFO - Get LATEST chromedriver version for google-chrome
2026-03-04 07:05:40,235 - WDM - INFO - Get LATEST chromedriver version for google-chrome
2026-03-04 07:05:40,316 - WDM - INFO - There is no [linux64] chromedriver "145.0.7632.117" for browser google-chrome "145.0.7632" in cache
2026-03-04 07:05:40,317 - WDM - INFO - Get LATEST chromedriver version for google-chrome
2026-03-04 07:05:40,576 - WDM - INFO - WebDriver version 145.0.7632.117 selected
2026-03-04 07:05:40,580 - WDM - INFO - Modern chrome version https://storage.googleapis.com/chrome-for-testing-public/145.0.7632.117/linux64/chromedriver-linux64.zip
2026-03-04 07:05:40,580 - WDM - INFO - About to download new driver from https://storage.googleapis.com/chrome-for-testing-public/145.0.7632.117/linux64/chromedriver-linux64.zip
2026-03-04 07:05:40,648 - WDM - INFO - Driver downloading response is 200
2026-03-04 07:05:40,754 - WDM - INFO - Get LATEST chromedriver version for google-chrome
2026-03-04 07:05:40,943 - WDM - INFO - Driver has been saved in cache [/home/runner/.wdm/drivers/chromedriver/linux64/145.0.7632.117]
2026-03-04 07:06:01,458 - root - INFO - Nouvelles données:
 0       Date Gagnant        Jackpot  n1  n2  n3  n4  n5  e1  e2
0 2026-03-03       0  174 135 421 €   6   7  24  34  50   5   7
2026-03-05 07:09:39,335 - root - CRITICAL - Date du scrapping: 05/03/2026
2026-03-05 07:09:39,336 - root - WARNING - Scrapping des données en mode 'prod'
2026-03-05 07:09:40,612 - WDM - INFO - ====== WebDriver manager ======
2026-03-05 07:09:40,681 - WDM - INFO - Get LATEST chromedriver version for google-chrome
2026-03-05 07:09:40,762 - WDM - INFO - Get LATEST chromedriver version for google-chrome
2026-03-05 07:09:40,842 - WDM - INFO - There is no [linux64] chromedriver "145.0.7632.117" for browser google-chrome "145.0.7632" in cache
2026-03-05 07:09:40,843 - WDM - INFO - Get LATEST chromedriver version for google-chrome
2026-03-05 07:09:41,092 - WDM - INFO - WebDriver version 145.0.7632.117 selected
2026-03-05 07:09:41,097 - WDM - INFO - Modern chrome version https://storage.googleapis.com/chrome-for-testing-public/145.0.7632.117/linux64/chromedriver-linux64.zip
2026-03-05 07:09:41,097 - WDM - INFO - About to download new driver from https://storage.googleapis.com/chrome-for-testing-public/145.0.7632.117/linux64/chromedriver-linux64.zip
2026-03-05 07:09:41,165 - WDM - INFO - Driver downloading response is 200
2026-03-05 07:09:41,279 - WDM - INFO - Get LATEST chromedriver version for google-chrome
2026-03-05 07:09:41,473 - WDM - INFO - Driver has been saved in cache [/home/runner/.wdm/drivers/chromedriver/linux64/145.0.7632.117]
2026-03-05 07:09:57,242 - root - WARNING - Pas de nouveaux tirages à ajouter
2026-03-06 07:07:52,369 - root - CRITICAL - Date du scrapping: 06/03/2026
2026-03-06 07:07:52,370 - root - WARNING - Scrapping des données en mode 'prod'
2026-03-06 07:07:53,525 - WDM - INFO - ====== WebDriver manager ======
2026-03-06 07:07:53,600 - WDM - INFO - Get LATEST chromedriver version for google-chrome
2026-03-06 07:07:53,685 - WDM - INFO - Get LATEST chromedriver version for google-chrome
2026-03-06 07:07:53,765 - WDM - INFO - There is no [linux64] chromedriver "145.0.7632.117" for browser google-chrome "145.0.7632" in cache
2026-03-06 07:07:53,765 - WDM - INFO - Get LATEST chromedriver version for google-chrome
2026-03-06 07:07:54,020 - WDM - INFO - WebDriver version 145.0.7632.117 selected
2026-03-06 07:07:54,024 - WDM - INFO - Modern chrome version https://storage.googleapis.com/chrome-for-testing-public/145.0.7632.117/linux64/chromedriver-linux64.zip
2026-03-06 07:07:54,025 - WDM - INFO - About to download new driver from https://storage.googleapis.com/chrome-for-testing-public/145.0.7632.117/linux64/chromedriver-linux64.zip
2026-03-06 07:07:54,092 - WDM - INFO - Driver downloading response is 200
2026-03-06 07:07:54,205 - WDM - INFO - Get LATEST chromedriver version for google-chrome
2026-03-06 07:07:54,397 - WDM - INFO - Driver has been saved in cache [/home/runner/.wdm/drivers/chromedriver/linux64/145.0.7632.117]
2026-03-06 07:08:12,680 - root - WARNING - Pas de nouveaux tirages à ajouter
2026-03-07 06:58:39,663 - root - CRITICAL - Date du scrapping: 07/03/2026
2026-03-07 06:58:39,664 - root - WARNING - Scrapping des données en mode 'prod'
2026-03-07 06:58:40,781 - WDM - INFO - ====== WebDriver manager ======
2026-03-07 06:58:40,852 - WDM - INFO - Get LATEST chromedriver version for google-chrome
2026-03-07 06:58:40,886 - WDM - INFO - Get LATEST chromedriver version for google-chrome
2026-03-07 06:58:40,917 - WDM - INFO - There is no [linux64] chromedriver "145.0.7632.117" for browser google-chrome "145.0.7632" in cache
2026-03-07 06:58:40,918 - WDM - INFO - Get LATEST chromedriver version for google-chrome
2026-03-07 06:58:41,071 - WDM - INFO - WebDriver version 145.0.7632.117 selected
2026-03-07 06:58:41,077 - WDM - INFO - Modern chrome version https://storage.googleapis.com/chrome-for-testing-public/145.0.7632.117/linux64/chromedriver-linux64.zip
2026-03-07 06:58:41,078 - WDM - INFO - About to download new driver from https://storage.googleapis.com/chrome-for-testing-public/145.0.7632.117/linux64/chromedriver-linux64.zip
2026-03-07 06:58:41,133 - WDM - INFO - Driver downloading response is 200
2026-03-07 06:58:41,197 - WDM - INFO - Get LATEST chromedriver version for google-chrome
2026-03-07 06:58:41,344 - WDM - INFO - Driver has been saved in cache [/home/runner/.wdm/drivers/chromedriver/linux64/145.0.7632.117]
2026-03-07 06:58:54,584 - root - INFO - Nouvelles données:
 0       Date Gagnant        Jackpot  n1  n2  n3  n4  n5  e1  e2
0 2026-03-06       0  192 898 115 €  15  16  19  28  37   6   9
2026-03-09 07:17:10,065 - root - CRITICAL - Date du scrapping: 09/03/2026
2026-03-09 07:17:10,067 - root - WARNING - Scrapping des données en mode 'prod'
2026-03-09 07:17:11,232 - WDM - INFO - ====== WebDriver manager ======
2026-03-09 07:17:11,305 - WDM - INFO - Get LATEST chromedriver version for google-chrome
2026-03-09 07:17:11,339 - WDM - INFO - Get LATEST chromedriver version for google-chrome
2026-03-09 07:17:11,370 - WDM - INFO - There is no [linux64] chromedriver "145.0.7632.117" for browser google-chrome "145.0.7632" in cache
2026-03-09 07:17:11,370 - WDM - INFO - Get LATEST chromedriver version for google-chrome
2026-03-09 07:17:11,514 - WDM - INFO - WebDriver version 145.0.7632.117 selected
2026-03-09 07:17:11,519 - WDM - INFO - Modern chrome version https://storage.googleapis.com/chrome-for-testing-public/145.0.7632.117/linux64/chromedriver-linux64.zip
2026-03-09 07:17:11,519 - WDM - INFO - About to download new driver from https://storage.googleapis.com/chrome-for-testing-public/145.0.7632.117/linux64/chromedriver-linux64.zip
2026-03-09 07:17:11,568 - WDM - INFO - Driver downloading response is 200
2026-03-09 07:17:11,611 - WDM - INFO - Get LATEST chromedriver version for google-chrome
2026-03-09 07:17:11,755 - WDM - INFO - Driver has been saved in cache [/home/runner/.wdm/drivers/chromedriver/linux64/145.0.7632.117]
2026-03-09 07:17:25,240 - root - WARNING - Pas de nouveaux tirages à ajouter
2026-03-10 07:07:43,143 - root - CRITICAL - Date du scrapping: 10/03/2026
2026-03-10 07:07:43,144 - root - WARNING - Scrapping des données en mode 'prod'
2026-03-10 07:07:44,324 - WDM - INFO - ====== WebDriver manager ======
2026-03-10 07:07:44,381 - WDM - INFO - Get LATEST chromedriver version for google-chrome
2026-03-10 07:07:44,415 - WDM - INFO - Get LATEST chromedriver version for google-chrome
2026-03-10 07:07:44,447 - WDM - INFO - There is no [linux64] chromedriver "145.0.7632.117" for browser google-chrome "145.0.7632" in cache
2026-03-10 07:07:44,447 - WDM - INFO - Get LATEST chromedriver version for google-chrome
2026-03-10 07:07:44,595 - WDM - INFO - WebDriver version 145.0.7632.117 selected
2026-03-10 07:07:44,599 - WDM - INFO - Modern chrome version https://storage.googleapis.com/chrome-for-testing-public/145.0.7632.117/linux64/chromedriver-linux64.zip
2026-03-10 07:07:44,599 - WDM - INFO - About to download new driver from https://storage.googleapis.com/chrome-for-testing-public/145.0.7632.117/linux64/chromedriver-linux64.zip
2026-03-10 07:07:44,655 - WDM - INFO - Driver downloading response is 200
2026-03-10 07:07:44,700 - WDM - INFO - Get LATEST chromedriver version for google-chrome
2026-03-10 07:07:44,846 - WDM - INFO - Driver has been saved in cache [/home/runner/.wdm/drivers/chromedriver/linux64/145.0.7632.117]
2026-03-10 07:07:59,517 - root - WARNING - Pas de nouveaux tirages à ajouter
2026-03-12 07:12:49,507 - root - CRITICAL - Date du scrapping: 12/03/2026
2026-03-12 07:12:49,509 - root - WARNING - Scrapping des données en mode 'prod'
2026-03-12 07:12:50,700 - WDM - INFO - ====== WebDriver manager ======
2026-03-12 07:12:50,770 - WDM - INFO - Get LATEST chromedriver version for google-chrome
2026-03-12 07:12:50,841 - WDM - INFO - Get LATEST chromedriver version for google-chrome
2026-03-12 07:12:50,913 - WDM - INFO - There is no [linux64] chromedriver "145.0.7632.117" for browser google-chrome "145.0.7632" in cache
2026-03-12 07:12:50,913 - WDM - INFO - Get LATEST chromedriver version for google-chrome
2026-03-12 07:12:51,147 - WDM - INFO - WebDriver version 145.0.7632.117 selected
2026-03-12 07:12:51,152 - WDM - INFO - Modern chrome version https://storage.googleapis.com/chrome-for-testing-public/145.0.7632.117/linux64/chromedriver-linux64.zip
2026-03-12 07:12:51,152 - WDM - INFO - About to download new driver from https://storage.googleapis.com/chrome-for-testing-public/145.0.7632.117/linux64/chromedriver-linux64.zip
2026-03-12 07:12:51,234 - WDM - INFO - Driver downloading response is 200
2026-03-12 07:12:51,415 - WDM - INFO - Get LATEST chromedriver version for google-chrome
2026-03-12 07:12:51,593 - WDM - INFO - Driver has been saved in cache [/home/runner/.wdm/drivers/chromedriver/linux64/145.0.7632.117]
2026-03-12 07:13:05,431 - root - INFO - Nouvelles données:
 0       Date Gagnant        Jackpot  n1  n2  n3  n4  n5  e1  e2
0 2026-03-10       1  209 527 211 €  12  14  27  44  50   4  12
2026-03-13 07:11:37,900 - root - CRITICAL - Date du scrapping: 13/03/2026
2026-03-13 07:11:37,901 - root - WARNING - Scrapping des données en mode 'prod'
2026-03-13 07:11:38,955 - WDM - INFO - ====== WebDriver manager ======
2026-03-13 07:11:39,025 - WDM - INFO - Get LATEST chromedriver version for google-chrome
2026-03-13 07:11:39,072 - WDM - INFO - Get LATEST chromedriver version for google-chrome
2026-03-13 07:11:39,118 - WDM - INFO - There is no [linux64] chromedriver "145.0.7632.117" for browser google-chrome "145.0.7632" in cache
2026-03-13 07:11:39,118 - WDM - INFO - Get LATEST chromedriver version for google-chrome
2026-03-13 07:11:39,287 - WDM - INFO - WebDriver version 145.0.7632.117 selected
2026-03-13 07:11:39,292 - WDM - INFO - Modern chrome version https://storage.googleapis.com/chrome-for-testing-public/145.0.7632.117/linux64/chromedriver-linux64.zip
2026-03-13 07:11:39,292 - WDM - INFO - About to download new driver from https://storage.googleapis.com/chrome-for-testing-public/145.0.7632.117/linux64/chromedriver-linux64.zip
2026-03-13 07:11:39,336 - WDM - INFO - Driver downloading response is 200
2026-03-13 07:11:39,405 - WDM - INFO - Get LATEST chromedriver version for google-chrome
2026-03-13 07:11:39,563 - WDM - INFO - Driver has been saved in cache [/home/runner/.wdm/drivers/chromedriver/linux64/145.0.7632.117]
2026-03-13 07:11:50,572 - root - WARNING - Pas de nouveaux tirages à ajouter
2026-03-14 07:05:23,361 - root - CRITICAL - Date du scrapping: 14/03/2026
2026-03-14 07:05:23,362 - root - WARNING - Scrapping des données en mode 'prod'
2026-03-14 07:05:24,470 - WDM - INFO - ====== WebDriver manager ======
2026-03-14 07:05:24,542 - WDM - INFO - Get LATEST chromedriver version for google-chrome
2026-03-14 07:05:24,598 - WDM - INFO - Get LATEST chromedriver version for google-chrome
2026-03-14 07:05:24,647 - WDM - INFO - There is no [linux64] chromedriver "145.0.7632.117" for browser google-chrome "145.0.7632" in cache
2026-03-14 07:05:24,648 - WDM - INFO - Get LATEST chromedriver version for google-chrome
2026-03-14 07:05:24,829 - WDM - INFO - WebDriver version 145.0.7632.117 selected
2026-03-14 07:05:24,835 - WDM - INFO - Modern chrome version https://storage.googleapis.com/chrome-for-testing-public/145.0.7632.117/linux64/chromedriver-linux64.zip
2026-03-14 07:05:24,835 - WDM - INFO - About to download new driver from https://storage.googleapis.com/chrome-for-testing-public/145.0.7632.117/linux64/chromedriver-linux64.zip
2026-03-14 07:05:24,882 - WDM - INFO - Driver downloading response is 200
2026-03-14 07:05:24,944 - WDM - INFO - Get LATEST chromedriver version for google-chrome
2026-03-14 07:05:25,105 - WDM - INFO - Driver has been saved in cache [/home/runner/.wdm/drivers/chromedriver/linux64/145.0.7632.117]
2026-03-14 07:05:33,567 - root - INFO - Nouvelles données:
 0       Date Gagnant       Jackpot  n1  n2  n3  n4  n5  e1  e2
0 2026-03-13       0  17 000 000 €  13  17  26  41  48   4  10
2026-03-15 07:12:59,571 - root - CRITICAL - Date du scrapping: 15/03/2026
2026-03-15 07:12:59,572 - root - WARNING - Scrapping des données en mode 'prod'
2026-03-15 07:13:00,566 - WDM - INFO - ====== WebDriver manager ======
2026-03-15 07:13:00,621 - WDM - INFO - Get LATEST chromedriver version for google-chrome
2026-03-15 07:13:00,653 - WDM - INFO - Get LATEST chromedriver version for google-chrome
2026-03-15 07:13:00,684 - WDM - INFO - There is no [linux64] chromedriver "145.0.7632.117" for browser google-chrome "145.0.7632" in cache
2026-03-15 07:13:00,684 - WDM - INFO - Get LATEST chromedriver version for google-chrome
2026-03-15 07:13:00,824 - WDM - INFO - WebDriver version 145.0.7632.117 selected
2026-03-15 07:13:00,829 - WDM - INFO - Modern chrome version https://storage.googleapis.com/chrome-for-testing-public/145.0.7632.117/linux64/chromedriver-linux64.zip
2026-03-15 07:13:00,829 - WDM - INFO - About to download new driver from https://storage.googleapis.com/chrome-for-testing-public/145.0.7632.117/linux64/chromedriver-linux64.zip
2026-03-15 07:13:00,875 - WDM - INFO - Driver downloading response is 200
2026-03-15 07:13:00,926 - WDM - INFO - Get LATEST chromedriver version for google-chrome
2026-03-15 07:13:01,071 - WDM - INFO - Driver has been saved in cache [/home/runner/.wdm/drivers/chromedriver/linux64/145.0.7632.117]
2026-03-15 07:13:16,919 - root - WARNING - Pas de nouveaux tirages à ajouter
2026-03-16 07:47:34,281 - root - CRITICAL - Date du scrapping: 16/03/2026
2026-03-16 07:47:34,283 - root - WARNING - Scrapping des données en mode 'prod'
2026-03-16 07:47:35,489 - WDM - INFO - ====== WebDriver manager ======
2026-03-16 07:47:35,544 - WDM - INFO - Get LATEST chromedriver version for google-chrome
2026-03-16 07:47:35,625 - WDM - INFO - Get LATEST chromedriver version for google-chrome
2026-03-16 07:47:35,704 - WDM - INFO - There is no [linux64] chromedriver "145.0.7632.117" for browser google-chrome "145.0.7632" in cache
2026-03-16 07:47:35,705 - WDM - INFO - Get LATEST chromedriver version for google-chrome
2026-03-16 07:47:35,951 - WDM - INFO - WebDriver version 145.0.7632.117 selected
2026-03-16 07:47:35,955 - WDM - INFO - Modern chrome version https://storage.googleapis.com/chrome-for-testing-public/145.0.7632.117/linux64/chromedriver-linux64.zip
2026-03-16 07:47:35,955 - WDM - INFO - About to download new driver from https://storage.googleapis.com/chrome-for-testing-public/145.0.7632.117/linux64/chromedriver-linux64.zip
2026-03-16 07:47:36,022 - WDM - INFO - Driver downloading response is 200
2026-03-16 07:47:36,128 - WDM - INFO - Get LATEST chromedriver version for google-chrome
2026-03-16 07:47:36,318 - WDM - INFO - Driver has been saved in cache [/home/runner/.wdm/drivers/chromedriver/linux64/145.0.7632.117]
2026-03-16 07:47:52,912 - root - WARNING - Pas de nouveaux tirages à ajouter
2026-03-17 07:18:20,126 - root - CRITICAL - Date du scrapping: 17/03/2026
2026-03-17 07:18:20,128 - root - WARNING - Scrapping des données en mode 'prod'
2026-03-17 07:18:21,488 - WDM - INFO - ====== WebDriver manager ======
2026-03-17 07:18:21,559 - WDM - INFO - Get LATEST chromedriver version for google-chrome
2026-03-17 07:18:21,614 - WDM - INFO - Get LATEST chromedriver version for google-chrome
2026-03-17 07:18:21,667 - WDM - INFO - There is no [linux64] chromedriver "145.0.7632.117" for browser google-chrome "145.0.7632" in cache
2026-03-17 07:18:21,667 - WDM - INFO - Get LATEST chromedriver version for google-chrome
2026-03-17 07:18:21,863 - WDM - INFO - WebDriver version 145.0.7632.117 selected
2026-03-17 07:18:21,868 - WDM - INFO - Modern chrome version https://storage.googleapis.com/chrome-for-testing-public/145.0.7632.117/linux64/chromedriver-linux64.zip
2026-03-17 07:18:21,868 - WDM - INFO - About to download new driver from https://storage.googleapis.com/chrome-for-testing-public/145.0.7632.117/linux64/chromedriver-linux64.zip
2026-03-17 07:18:21,932 - WDM - INFO - Driver downloading response is 200
2026-03-17 07:18:22,024 - WDM - INFO - Get LATEST chromedriver version for google-chrome
2026-03-17 07:18:22,196 - WDM - INFO - Driver has been saved in cache [/home/runner/.wdm/drivers/chromedriver/linux64/145.0.7632.117]
2026-03-17 07:18:35,744 - root - WARNING - Pas de nouveaux tirages à ajouter
2026-03-18 07:17:11,768 - root - CRITICAL - Date du scrapping: 18/03/2026
2026-03-18 07:17:11,769 - root - WARNING - Scrapping des données en mode 'prod'
2026-03-18 07:17:12,899 - WDM - INFO - ====== WebDriver manager ======
2026-03-18 07:17:12,970 - WDM - INFO - Get LATEST chromedriver version for google-chrome
2026-03-18 07:17:13,003 - WDM - INFO - Get LATEST chromedriver version for google-chrome
2026-03-18 07:17:13,034 - WDM - INFO - There is no [linux64] chromedriver "145.0.7632.117" for browser google-chrome "145.0.7632" in cache
2026-03-18 07:17:13,034 - WDM - INFO - Get LATEST chromedriver version for google-chrome
2026-03-18 07:17:13,173 - WDM - INFO - WebDriver version 145.0.7632.117 selected
2026-03-18 07:17:13,177 - WDM - INFO - Modern chrome version https://storage.googleapis.com/chrome-for-testing-public/145.0.7632.117/linux64/chromedriver-linux64.zip
2026-03-18 07:17:13,177 - WDM - INFO - About to download new driver from https://storage.googleapis.com/chrome-for-testing-public/145.0.7632.117/linux64/chromedriver-linux64.zip
2026-03-18 07:17:13,209 - WDM - INFO - Driver downloading response is 200
2026-03-18 07:17:13,250 - WDM - INFO - Get LATEST chromedriver version for google-chrome
2026-03-18 07:17:13,396 - WDM - INFO - Driver has been saved in cache [/home/runner/.wdm/drivers/chromedriver/linux64/145.0.7632.117]
2026-03-18 07:17:23,620 - root - INFO - Nouvelles données:
 0       Date Gagnant       Jackpot  n1  n2  n3  n4  n5  e1  e2
0 2026-03-17       0  26 669 837 €   5  17  28  33  41   3   9
2026-03-19 07:13:53,323 - root - CRITICAL - Date du scrapping: 19/03/2026
2026-03-19 07:13:53,324 - root - WARNING - Scrapping des données en mode 'prod'
2026-03-19 07:13:54,580 - WDM - INFO - ====== WebDriver manager ======
2026-03-19 07:13:54,650 - WDM - INFO - Get LATEST chromedriver version for google-chrome
2026-03-19 07:13:54,682 - WDM - INFO - Get LATEST chromedriver version for google-chrome
2026-03-19 07:13:54,714 - WDM - INFO - There is no [linux64] chromedriver "145.0.7632.117" for browser google-chrome "145.0.7632" in cache
2026-03-19 07:13:54,714 - WDM - INFO - Get LATEST chromedriver version for google-chrome
2026-03-19 07:13:54,851 - WDM - INFO - WebDriver version 145.0.7632.117 selected
2026-03-19 07:13:54,856 - WDM - INFO - Modern chrome version https://storage.googleapis.com/chrome-for-testing-public/145.0.7632.117/linux64/chromedriver-linux64.zip
2026-03-19 07:13:54,856 - WDM - INFO - About to download new driver from https://storage.googleapis.com/chrome-for-testing-public/145.0.7632.117/linux64/chromedriver-linux64.zip
2026-03-19 07:13:54,900 - WDM - INFO - Driver downloading response is 200
2026-03-19 07:13:54,957 - WDM - INFO - Get LATEST chromedriver version for google-chrome
2026-03-19 07:13:55,105 - WDM - INFO - Driver has been saved in cache [/home/runner/.wdm/drivers/chromedriver/linux64/145.0.7632.117]
2026-03-19 07:14:13,135 - root - WARNING - Pas de nouveaux tirages à ajouter
2026-03-20 07:12:47,678 - root - CRITICAL - Date du scrapping: 20/03/2026
2026-03-20 07:12:47,680 - root - WARNING - Scrapping des données en mode 'prod'
2026-03-20 07:12:48,836 - WDM - INFO - ====== WebDriver manager ======
2026-03-20 07:12:48,907 - WDM - INFO - Get LATEST chromedriver version for google-chrome
2026-03-20 07:12:48,938 - WDM - INFO - Get LATEST chromedriver version for google-chrome
2026-03-20 07:12:48,970 - WDM - INFO - There is no [linux64] chromedriver "145.0.7632.117" for browser google-chrome "145.0.7632" in cache
2026-03-20 07:12:48,970 - WDM - INFO - Get LATEST chromedriver version for google-chrome
2026-03-20 07:12:49,120 - WDM - INFO - WebDriver version 145.0.7632.117 selected
2026-03-20 07:12:49,126 - WDM - INFO - Modern chrome version https://storage.googleapis.com/chrome-for-testing-public/145.0.7632.117/linux64/chromedriver-linux64.zip
2026-03-20 07:12:49,126 - WDM - INFO - About to download new driver from https://storage.googleapis.com/chrome-for-testing-public/145.0.7632.117/linux64/chromedriver-linux64.zip
2026-03-20 07:12:49,172 - WDM - INFO - Driver downloading response is 200
2026-03-20 07:12:49,218 - WDM - INFO - Get LATEST chromedriver version for google-chrome
2026-03-20 07:12:49,363 - WDM - INFO - Driver has been saved in cache [/home/runner/.wdm/drivers/chromedriver/linux64/145.0.7632.117]
2026-03-20 07:13:07,334 - root - WARNING - Pas de nouveaux tirages à ajouter
2026-03-21 07:02:39,783 - root - CRITICAL - Date du scrapping: 21/03/2026
2026-03-21 07:02:39,784 - root - WARNING - Scrapping des données en mode 'prod'
2026-03-21 07:02:40,771 - WDM - INFO - ====== WebDriver manager ======
2026-03-21 07:02:40,842 - WDM - INFO - Get LATEST chromedriver version for google-chrome
2026-03-21 07:02:40,877 - WDM - INFO - Get LATEST chromedriver version for google-chrome
2026-03-21 07:02:40,909 - WDM - INFO - There is no [linux64] chromedriver "145.0.7632.117" for browser google-chrome "145.0.7632" in cache
2026-03-21 07:02:40,909 - WDM - INFO - Get LATEST chromedriver version for google-chrome
2026-03-21 07:02:41,052 - WDM - INFO - WebDriver version 145.0.7632.117 selected
2026-03-21 07:02:41,057 - WDM - INFO - Modern chrome version https://storage.googleapis.com/chrome-for-testing-public/145.0.7632.117/linux64/chromedriver-linux64.zip
2026-03-21 07:02:41,057 - WDM - INFO - About to download new driver from https://storage.googleapis.com/chrome-for-testing-public/145.0.7632.117/linux64/chromedriver-linux64.zip
2026-03-21 07:02:41,092 - WDM - INFO - Driver downloading response is 200
2026-03-21 07:02:41,144 - WDM - INFO - Get LATEST chromedriver version for google-chrome
2026-03-21 07:02:41,290 - WDM - INFO - Driver has been saved in cache [/home/runner/.wdm/drivers/chromedriver/linux64/145.0.7632.117]
2026-03-21 07:02:54,134 - root - INFO - Nouvelles données:
 0       Date Gagnant       Jackpot  n1  n2  n3  n4  n5  e1  e2
0 2026-03-20       0  39 347 116 €   5  12  16  37  46   8  10
2026-03-23 07:39:08,432 - root - CRITICAL - Date du scrapping: 23/03/2026
2026-03-23 07:39:08,433 - root - WARNING - Scrapping des données en mode 'prod'
2026-03-23 07:39:09,483 - WDM - INFO - ====== WebDriver manager ======
2026-03-23 07:39:09,553 - WDM - INFO - Get LATEST chromedriver version for google-chrome
2026-03-23 07:39:09,585 - WDM - INFO - Get LATEST chromedriver version for google-chrome
2026-03-23 07:39:09,612 - WDM - INFO - There is no [linux64] chromedriver "145.0.7632.117" for browser google-chrome "145.0.7632" in cache
2026-03-23 07:39:09,612 - WDM - INFO - Get LATEST chromedriver version for google-chrome
2026-03-23 07:39:09,745 - WDM - INFO - WebDriver version 145.0.7632.117 selected
2026-03-23 07:39:09,750 - WDM - INFO - Modern chrome version https://storage.googleapis.com/chrome-for-testing-public/145.0.7632.117/linux64/chromedriver-linux64.zip
2026-03-23 07:39:09,750 - WDM - INFO - About to download new driver from https://storage.googleapis.com/chrome-for-testing-public/145.0.7632.117/linux64/chromedriver-linux64.zip
2026-03-23 07:39:09,795 - WDM - INFO - Driver downloading response is 200
2026-03-23 07:39:09,865 - WDM - INFO - Get LATEST chromedriver version for google-chrome
2026-03-23 07:39:10,007 - WDM - INFO - Driver has been saved in cache [/home/runner/.wdm/drivers/chromedriver/linux64/145.0.7632.117]
2026-03-23 07:39:36,356 - root - WARNING - Pas de nouveaux tirages à ajouter
